# JRE version: Java(TM) SE Runtime Environment (8.0_11-b12) (build 1.8.0_11-b12)
# Java VM: Java HotSpot(TM) 64-Bit Server VM (25.11-b03 mixed mode windows-amd64 compressed oops)
Heap:
 PSYoungGen      total 113664K, used 97700K [0x00000000d5f80000, 0x00000000ddd00000, 0x0000000100000000)
  eden space 100864K, 90% used [0x00000000d5f80000,0x00000000db82abf0,0x00000000dc200000)
  from space 12800K, 53% used [0x00000000dd080000,0x00000000dd73e5d8,0x00000000ddd00000)
  to   space 13824K, 0% used [0x00000000dc200000,0x00000000dc200000,0x00000000dcf80000)
 ParOldGen       total 34816K, used 26627K [0x0000000081e00000, 0x0000000084000000, 0x00000000d5f80000)
  object space 34816K, 76% used [0x0000000081e00000,0x0000000083800c90,0x0000000084000000)
 Metaspace       used 49114K, capacity 51822K, committed 52096K, reserved 1093632K
  class space    used 6527K, capacity 6954K, committed 7040K, reserved 1048576K
GC Heap History (10 events):
Event: 6.956 GC heap before
{Heap before GC invocations=27 (full 4):
 PSYoungGen      total 97280K, used 91988K [0x00000000d5f80000, 0x00000000dc780000, 0x0000000100000000)
  eden space 90112K, 100% used [0x00000000d5f80000,0x00000000db780000,0x00000000db780000)
  from space 7168K, 26% used [0x00000000dc080000,0x00000000dc255100,0x00000000dc780000)
  to   space 8192K, 0% used [0x00000000db780000,0x00000000db780000,0x00000000dbf80000)
 ParOldGen       total 24064K, used 16581K [0x0000000081e00000, 0x0000000083580000, 0x00000000d5f80000)
  object space 24064K, 68% used [0x0000000081e00000,0x0000000082e31430,0x0000000083580000)
 Metaspace       used 35549K, capacity 37112K, committed 37376K, reserved 1081344K
  class space    used 4761K, capacity 5060K, committed 5120K, reserved 1048576K
Event: 6.960 GC heap after
Heap after GC invocations=27 (full 4):
 PSYoungGen      total 98304K, used 4652K [0x00000000d5f80000, 0x00000000dd080000, 0x0000000100000000)
  eden space 90112K, 0% used [0x00000000d5f80000,0x00000000d5f80000,0x00000000db780000)
  from space 8192K, 56% used [0x00000000db780000,0x00000000dbc0b2c0,0x00000000dbf80000)
  to   space 8704K, 0% used [0x00000000dc800000,0x00000000dc800000,0x00000000dd080000)
 ParOldGen       total 24064K, used 16589K [0x0000000081e00000, 0x0000000083580000, 0x00000000d5f80000)
  object space 24064K, 68% used [0x0000000081e00000,0x0000000082e33430,0x0000000083580000)
 Metaspace       used 35549K, capacity 37112K, committed 37376K, reserved 1081344K
  class space    used 4761K, capacity 5060K, committed 5120K, reserved 1048576K
}
Event: 7.753 GC heap before
{Heap before GC invocations=28 (full 4):
 PSYoungGen      total 98304K, used 94764K [0x00000000d5f80000, 0x00000000dd080000, 0x0000000100000000)
  eden space 90112K, 100% used [0x00000000d5f80000,0x00000000db780000,0x00000000db780000)
  from space 8192K, 56% used [0x00000000db780000,0x00000000dbc0b2c0,0x00000000dbf80000)
  to   space 8704K, 0% used [0x00000000dc800000,0x00000000dc800000,0x00000000dd080000)
 ParOldGen       total 24064K, used 16589K [0x0000000081e00000, 0x0000000083580000, 0x00000000d5f80000)
  object space 24064K, 68% used [0x0000000081e00000,0x0000000082e33430,0x0000000083580000)
 Metaspace       used 39586K, capacity 41278K, committed 41344K, reserved 1085440K
  class space    used 5174K, capacity 5501K, committed 5504K, reserved 1048576K
Event: 7.761 GC heap after
Heap after GC invocations=28 (full 4):
 PSYoungGen      total 105472K, used 8692K [0x00000000d5f80000, 0x00000000dd280000, 0x0000000100000000)
  eden space 96768K, 0% used [0x00000000d5f80000,0x00000000d5f80000,0x00000000dbe00000)
  from space 8704K, 99% used [0x00000000dc800000,0x00000000dd07d338,0x00000000dd080000)
  to   space 10240K, 0% used [0x00000000dbe00000,0x00000000dbe00000,0x00000000dc800000)
 ParOldGen       total 24064K, used 17657K [0x0000000081e00000, 0x0000000083580000, 0x00000000d5f80000)
  object space 24064K, 73% used [0x0000000081e00000,0x0000000082f3e458,0x0000000083580000)
 Metaspace       used 39586K, capacity 41278K, committed 41344K, reserved 1085440K
  class space    used 5174K, capacity 5501K, committed 5504K, reserved 1048576K
}
Event: 8.634 GC heap before
{Heap before GC invocations=29 (full 4):
 PSYoungGen      total 105472K, used 105460K [0x00000000d5f80000, 0x00000000dd280000, 0x0000000100000000)
  eden space 96768K, 100% used [0x00000000d5f80000,0x00000000dbe00000,0x00000000dbe00000)
  from space 8704K, 99% used [0x00000000dc800000,0x00000000dd07d338,0x00000000dd080000)
  to   space 10240K, 0% used [0x00000000dbe00000,0x00000000dbe00000,0x00000000dc800000)
 ParOldGen       total 24064K, used 17657K [0x0000000081e00000, 0x0000000083580000, 0x00000000d5f80000)
  object space 24064K, 73% used [0x0000000081e00000,0x0000000082f3e458,0x0000000083580000)
 Metaspace       used 43300K, capacity 45342K, committed 45568K, reserved 1089536K
  class space    used 5678K, capacity 6026K, committed 6144K, reserved 1048576K
Event: 8.645 GC heap after
Heap after GC invocations=29 (full 4):
 PSYoungGen      total 107008K, used 10231K [0x00000000d5f80000, 0x00000000dde00000, 0x0000000100000000)
  eden space 96768K, 0% used [0x00000000d5f80000,0x00000000d5f80000,0x00000000dbe00000)
  from space 10240K, 99% used [0x00000000dbe00000,0x00000000dc7fdd70,0x00000000dc800000)
  to   space 13824K, 0% used [0x00000000dd080000,0x00000000dd080000,0x00000000dde00000)
 ParOldGen       total 24064K, used 21975K [0x0000000081e00000, 0x0000000083580000, 0x00000000d5f80000)
  object space 24064K, 91% used [0x0000000081e00000,0x0000000083375e40,0x0000000083580000)
 Metaspace       used 43300K, capacity 45342K, committed 45568K, reserved 1089536K
  class space    used 5678K, capacity 6026K, committed 6144K, reserved 1048576K
}
Event: 8.645 GC heap before
{Heap before GC invocations=30 (full 5):
 PSYoungGen      total 107008K, used 10231K [0x00000000d5f80000, 0x00000000dde00000, 0x0000000100000000)
  eden space 96768K, 0% used [0x00000000d5f80000,0x00000000d5f80000,0x00000000dbe00000)
  from space 10240K, 99% used [0x00000000dbe00000,0x00000000dc7fdd70,0x00000000dc800000)
  to   space 13824K, 0% used [0x00000000dd080000,0x00000000dd080000,0x00000000dde00000)
 ParOldGen       total 24064K, used 21975K [0x0000000081e00000, 0x0000000083580000, 0x00000000d5f80000)
  object space 24064K, 91% used [0x0000000081e00000,0x0000000083375e40,0x0000000083580000)
 Metaspace       used 43300K, capacity 45342K, committed 45568K, reserved 1089536K
  class space    used 5678K, capacity 6026K, committed 6144K, reserved 1048576K
Event: 8.889 GC heap after
Heap after GC invocations=30 (full 5):
 PSYoungGen      total 107008K, used 5941K [0x00000000d5f80000, 0x00000000dde00000, 0x0000000100000000)
  eden space 96768K, 0% used [0x00000000d5f80000,0x00000000d5f80000,0x00000000dbe00000)
  from space 10240K, 58% used [0x00000000dbe00000,0x00000000dc3cd7b0,0x00000000dc800000)
  to   space 13824K, 0% used [0x00000000dd080000,0x00000000dd080000,0x00000000dde00000)
 ParOldGen       total 34816K, used 24051K [0x0000000081e00000, 0x0000000084000000, 0x00000000d5f80000)
  object space 34816K, 69% used [0x0000000081e00000,0x000000008357cc60,0x0000000084000000)
 Metaspace       used 43300K, capacity 45342K, committed 45568K, reserved 1089536K
  class space    used 5678K, capacity 6026K, committed 6144K, reserved 1048576K
}
Event: 4427.973 GC heap before
{Heap before GC invocations=31 (full 5):
 PSYoungGen      total 107008K, used 102709K [0x00000000d5f80000, 0x00000000dde00000, 0x0000000100000000)
  eden space 96768K, 100% used [0x00000000d5f80000,0x00000000dbe00000,0x00000000dbe00000)
  from space 10240K, 58% used [0x00000000dbe00000,0x00000000dc3cd7b0,0x00000000dc800000)
  to   space 13824K, 0% used [0x00000000dd080000,0x00000000dd080000,0x00000000dde00000)
 ParOldGen       total 34816K, used 24051K [0x0000000081e00000, 0x0000000084000000, 0x00000000d5f80000)
  object space 34816K, 69% used [0x0000000081e00000,0x000000008357cc60,0x0000000084000000)
 Metaspace       used 46070K, capacity 48162K, committed 48256K, reserved 1091584K
  class space    used 6107K, capacity 6460K, committed 6528K, reserved 1048576K
Event: 4427.986 GC heap after
Heap after GC invocations=31 (full 5):
 PSYoungGen      total 113664K, used 6905K [0x00000000d5f80000, 0x00000000ddd00000, 0x0000000100000000)
  eden space 100864K, 0% used [0x00000000d5f80000,0x00000000d5f80000,0x00000000dc200000)
  from space 12800K, 53% used [0x00000000dd080000,0x00000000dd73e5d8,0x00000000ddd00000)
  to   space 13824K, 0% used [0x00000000dc200000,0x00000000dc200000,0x00000000dcf80000)
 ParOldGen       total 34816K, used 26627K [0x0000000081e00000, 0x0000000084000000, 0x00000000d5f80000)
  object space 34816K, 76% used [0x0000000081e00000,0x0000000083800c90,0x0000000084000000)
 Metaspace       used 46070K, capacity 48162K, committed 48256K, reserved 1091584K
  class space    used 6107K, capacity 6460K, committed 6528K, reserved 1048576K
}

