<?xml version="1.0" encoding="UTF-8"?>
<testsuite xmlns:xsi="http://www.w3.org/2001/XMLSchema-instance" xsi:noNamespaceSchemaLocation="https://maven.apache.org/surefire/maven-surefire-plugin/xsd/surefire-test-report.xsd" name="com.hfut.laboratory.swagger.Swagger2MarkupTest" time="6.96" tests="2" errors="0" skipped="0" failures="0">
  <properties>
[...]
</properties>
  <testcase name="createSpringfoxSwaggerJson" classname="com.hfut.laboratory.swagger.Swagger2MarkupTest" time="0.402"/>
  <testcase name="testApi" classname="com.hfut.laboratory.swagger.Swagger2MarkupTest" time="0.095"/>
</testsuite>